Using pre-set license
Built from '2021.3/staging' branch; Version is '2021.3.4f1 (cb45f9cae8b7) revision 13321721'; Using compiler version '192829333'; Build Type 'Release'
OS: 'Windows 10  (10.0.19044) 64bit Professional' Language: 'ru' Physical Memory: 16225 MB
BatchMode: 1, IsHumanControllingUs: 0, StartBugReporterOnCrash: 0, Is64bit: 1, IsPro: 1

COMMAND LINE ARGUMENTS:
C:\Program Files\Unity\Hub\Editor\2021.3.4f1\Editor\Unity.exe
-adb2
-batchMode
-noUpm
-name
AssetImportWorker0
-projectPath
D:/Разработка Игр/!!! 2 Четверь/2 курс - Разработка браузерной 2D-игры платформер/Amber the Wizard
-logFile
Logs/AssetImportWorker0.log
-srvPort
54880
Successfully changed project path to: D:/Разработка Игр/!!! 2 Четверь/2 курс - Разработка браузерной 2D-игры платформер/Amber the Wizard
D:/Разработка Игр/!!! 2 Четверь/2 курс - Разработка браузерной 2D-игры платформер/Amber the Wizard
[UnityMemory] Configuration Parameters - Can be set up in boot.config
    "memorysetup-bucket-allocator-granularity=16"
    "memorysetup-bucket-allocator-bucket-count=8"
    "memorysetup-bucket-allocator-block-size=33554432"
    "memorysetup-bucket-allocator-block-count=8"
    "memorysetup-main-allocator-block-size=16777216"
    "memorysetup-thread-allocator-block-size=16777216"
    "memorysetup-gfx-main-allocator-block-size=16777216"
    "memorysetup-gfx-thread-allocator-block-size=16777216"
    "memorysetup-cache-allocator-block-size=4194304"
    "memorysetup-typetree-allocator-block-size=2097152"
    "memorysetup-profiler-bucket-allocator-granularity=16"
    "memorysetup-profiler-bucket-allocator-bucket-count=8"
    "memorysetup-profiler-bucket-allocator-block-size=33554432"
    "memorysetup-profiler-bucket-allocator-block-count=8"
    "memorysetup-profiler-allocator-block-size=16777216"
    "memorysetup-profiler-editor-allocator-block-size=1048576"
    "memorysetup-temp-allocator-size-main=16777216"
    "memorysetup-job-temp-allocator-block-size=2097152"
    "memorysetup-job-temp-allocator-block-size-background=1048576"
    "memorysetup-job-temp-allocator-reduction-small-platforms=262144"
    "memorysetup-temp-allocator-size-background-worker=32768"
    "memorysetup-temp-allocator-size-job-worker=262144"
    "memorysetup-temp-allocator-size-preload-manager=33554432"
    "memorysetup-temp-allocator-size-nav-mesh-worker=65536"
    "memorysetup-temp-allocator-size-audio-worker=65536"
    "memorysetup-temp-allocator-size-cloud-worker=32768"
    "memorysetup-temp-allocator-size-gi-baking-worker=262144"
    "memorysetup-temp-allocator-size-gfx=262144"
Refreshing native plugins compatible for Editor in 270.19 ms, found 4 plugins.
Preloading 0 native plugins for Editor in 0.00 ms.
Initialize engine version: 2021.3.4f1 (cb45f9cae8b7)
[Subsystems] Discovering subsystems at path C:/Program Files/Unity/Hub/Editor/2021.3.4f1/Editor/Data/Resources/UnitySubsystems
[Subsystems] Discovering subsystems at path D:/Разработка Игр/!!! 2 Четверь/2 курс - Разработка браузерной 2D-игры платформер/Amber the Wizard/Assets
GfxDevice: creating device client; threaded=0; jobified=0
Direct3D:
    Version:  Direct3D 11.0 [level 11.1]
    Renderer: Radeon RX 570 Series (ID=0x67df)
    Vendor:   ATI
    VRAM:     4074 MB
    Driver:   31.0.12027.7000
Initialize mono
Mono path[0] = 'C:/Program Files/Unity/Hub/Editor/2021.3.4f1/Editor/Data/Managed'
Mono path[1] = 'C:/Program Files/Unity/Hub/Editor/2021.3.4f1/Editor/Data/MonoBleedingEdge/lib/mono/unityjit-win32'
Mono config path = 'C:/Program Files/Unity/Hub/Editor/2021.3.4f1/Editor/Data/MonoBleedingEdge/etc'
Using monoOptions --debugger-agent=transport=dt_socket,embedding=1,server=y,suspend=n,address=127.0.0.1:56768
Begin MonoManager ReloadAssembly
Registering precompiled unity dll's ...
Register platform support module: C:/Program Files/Unity/Hub/Editor/2021.3.4f1/Editor/Data/PlaybackEngines/WebGLSupport/UnityEditor.WebGL.Extensions.dll
Register platform support module: C:/Program Files/Unity/Hub/Editor/2021.3.4f1/Editor/Data/PlaybackEngines/iOSSupport/UnityEditor.iOS.Extensions.dll
Register platform support module: C:/Program Files/Unity/Hub/Editor/2021.3.4f1/Editor/Data/PlaybackEngines/WindowsStandaloneSupport/UnityEditor.WindowsStandalone.Extensions.dll
Registered in 0.014206 seconds.
Native extension for WindowsStandalone target not found
[usbmuxd] Start listen thread
[usbmuxd] Listen thread started
[usbmuxd] Send listen message
Native extension for iOS target not found
Native extension for WebGL target not found
Refreshing native plugins compatible for Editor in 115.38 ms, found 4 plugins.
Preloading 0 native plugins for Editor in 0.00 ms.
Mono: successfully reloaded assembly
- Completed reload, in  0.939 seconds
Domain Reload Profiling:
	ReloadAssembly (939ms)
		BeginReloadAssembly (145ms)
			ExecutionOrderSort (0ms)
			DisableScriptedObjects (0ms)
			BackupInstance (0ms)
			ReleaseScriptingObjects (0ms)
			CreateAndSetChildDomain (1ms)
		EndReloadAssembly (644ms)
			LoadAssemblies (145ms)
			RebuildTransferFunctionScriptingTraits (0ms)
			SetupTypeCache (169ms)
			ReleaseScriptCaches (0ms)
			RebuildScriptCaches (35ms)
			SetupLoadedEditorAssemblies (369ms)
				LogAssemblyErrors (0ms)
				InitializePlatformSupportModulesInManaged (38ms)
				SetLoadedEditorAssemblies (0ms)
				RefreshPlugins (115ms)
				BeforeProcessingInitializeOnLoad (2ms)
				ProcessInitializeOnLoadAttributes (152ms)
				ProcessInitializeOnLoadMethodAttributes (61ms)
				AfterProcessingInitializeOnLoad (0ms)
				EditorAssembliesLoaded (0ms)
			ExecutionOrderSort2 (0ms)
			AwakeInstancesAfterBackupRestoration (0ms)
Platform modules already initialized, skipping
Registering precompiled user dll's ...
Registered in 0.569419 seconds.
Begin MonoManager ReloadAssembly
Symbol file LoadedFromMemory doesn't match image D:\Разработка Игр\!!! 2 Четверь\2 курс - Разработка браузерной 2D-игры платформер\Amber the Wizard\Library\PackageCache\com.unity.visualscripting@1.7.8\Editor\VisualScripting.Core\Dependencies\YamlDotNet\Unity.VisualScripting.YamlDotNet.dll
Symbol file LoadedFromMemory doesn't match image D:\Разработка Игр\!!! 2 Четверь\2 курс - Разработка браузерной 2D-игры платформер\Amber the Wizard\Library\PackageCache\com.unity.visualscripting@1.7.8\Editor\VisualScripting.Core\Dependencies\DotNetZip\Unity.VisualScripting.IonicZip.dll
Native extension for WindowsStandalone target not found
Native extension for iOS target not found
Native extension for WebGL target not found
Refreshing native plugins compatible for Editor in 121.36 ms, found 4 plugins.
Preloading 0 native plugins for Editor in 0.00 ms.
Mono: successfully reloaded assembly
- Completed reload, in  2.727 seconds
Domain Reload Profiling:
	ReloadAssembly (2728ms)
		BeginReloadAssembly (148ms)
			ExecutionOrderSort (0ms)
			DisableScriptedObjects (7ms)
			BackupInstance (0ms)
			ReleaseScriptingObjects (0ms)
			CreateAndSetChildDomain (24ms)
		EndReloadAssembly (2401ms)
			LoadAssemblies (1293ms)
			RebuildTransferFunctionScriptingTraits (0ms)
			SetupTypeCache (327ms)
			ReleaseScriptCaches (1ms)
			RebuildScriptCaches (75ms)
			SetupLoadedEditorAssemblies (642ms)
				LogAssemblyErrors (0ms)
				InitializePlatformSupportModulesInManaged (29ms)
				SetLoadedEditorAssemblies (0ms)
				RefreshPlugins (121ms)
				BeforeProcessingInitializeOnLoad (139ms)
				ProcessInitializeOnLoadAttributes (288ms)
				ProcessInitializeOnLoadMethodAttributes (53ms)
				AfterProcessingInitializeOnLoad (11ms)
				EditorAssembliesLoaded (0ms)
			ExecutionOrderSort2 (0ms)
			AwakeInstancesAfterBackupRestoration (7ms)
Platform modules already initialized, skipping
========================================================================
Worker process is ready to serve import requests
Launched and connected shader compiler UnityShaderCompiler.exe after 0.07 seconds
Refreshing native plugins compatible for Editor in 0.92 ms, found 4 plugins.
Preloading 0 native plugins for Editor in 0.00 ms.
Unloading 4056 Unused Serialized files (Serialized files now loaded: 0)
Unloading 44 unused Assets / (222.5 KB). Loaded Objects now: 4505.
Memory consumption went from 152.8 MB to 152.6 MB.
Total: 4.124400 ms (FindLiveObjects: 0.413000 ms CreateObjectMapping: 0.222400 ms MarkObjects: 3.307300 ms  DeleteObjects: 0.180500 ms)

AssetImportParameters requested are different than current active one (requested -> active):
  custom:video-decoder-ogg-theora: a1e56fd34408186e4bbccfd4996cb3dc -> 
  custom:container-muxer-webm: aa71ff27fc2769a1b78a27578f13a17b -> 
  custom:container-demuxer-webm: 4f35f7cbe854078d1ac9338744f61a02 -> 
  custom:video-encoder-webm-vp8: eb34c28f22e8b96e1ab97ce403110664 -> 
  custom:audio-encoder-webm-vorbis: bf7c407c2cedff20999df2af8eb42d56 -> 
  custom:framework-win-MediaFoundation: 216162199b28c13a410421893ffa2e32 -> 
  custom:container-demuxer-ogg: 62fdf1f143b41e24485cea50d1cbac27 -> 
  custom:video-decoder-webm-vp8: 9c59270c3fd7afecdb556c50c9e8de78 -> 
  custom:audio-decoder-ogg-vorbis: bf7c407c2cedff20999df2af8eb42d56 -> 
========================================================================
Received Import Request.
  Time since last request: 29307.100049 seconds.
  path: Assets/Scripts
  artifactKey: Guid(c87e0137d3cf88d4ab2c8768ed424c59) Importer(815301076,1909f56bfc062723c751e8b465ee728b)
Start importing Assets/Scripts using Guid(c87e0137d3cf88d4ab2c8768ed424c59) Importer(815301076,1909f56bfc062723c751e8b465ee728b)  -> (artifact id: '7f62a592f557a308f0d7699444958a76') in 0.009156 seconds 
========================================================================
Received Import Request.
  Time since last request: 7.678493 seconds.
  path: Assets/Scripts/Model
  artifactKey: Guid(6e3ffe062d7c0cf4daed996415d248f1) Importer(815301076,1909f56bfc062723c751e8b465ee728b)
Start importing Assets/Scripts/Model using Guid(6e3ffe062d7c0cf4daed996415d248f1) Importer(815301076,1909f56bfc062723c751e8b465ee728b)  -> (artifact id: '6672f283efaa9927e7455a328e99b464') in 0.004071 seconds 
========================================================================
Received Import Request.
  Time since last request: 7.199365 seconds.
  path: Assets/Scripts/View
  artifactKey: Guid(99e4f0dcda5c1e64bb3f5c5266c18dee) Importer(815301076,1909f56bfc062723c751e8b465ee728b)
Start importing Assets/Scripts/View using Guid(99e4f0dcda5c1e64bb3f5c5266c18dee) Importer(815301076,1909f56bfc062723c751e8b465ee728b)  -> (artifact id: '381c06e9bec7aba0fe936a59140f9bb9') in 0.003673 seconds 
========================================================================
Received Import Request.
  Time since last request: 7.974774 seconds.
  path: Assets/Scripts/Controller
  artifactKey: Guid(9f8e2637a6fffc84796e12e57f27fd57) Importer(815301076,1909f56bfc062723c751e8b465ee728b)
Start importing Assets/Scripts/Controller using Guid(9f8e2637a6fffc84796e12e57f27fd57) Importer(815301076,1909f56bfc062723c751e8b465ee728b)  -> (artifact id: '849fd3f0c584b6482fd6b58b4e82cf2f') in 0.003719 seconds 
========================================================================
Received Import Request.
  Time since last request: 139.056554 seconds.
  path: Assets/Scripts/Configs
  artifactKey: Guid(ac726d549952f894eb590c03627d9f2e) Importer(815301076,1909f56bfc062723c751e8b465ee728b)
Start importing Assets/Scripts/Configs using Guid(ac726d549952f894eb590c03627d9f2e) Importer(815301076,1909f56bfc062723c751e8b465ee728b)  -> (artifact id: '06a8478a30f62ba9aeb5ebeee065a003') in 0.001441 seconds 
========================================================================
Received Import Request.
  Time since last request: 95.905492 seconds.
  path: Assets/Sprites
  artifactKey: Guid(d95fcd6ec9f53404aaae0a76666d9cb3) Importer(815301076,1909f56bfc062723c751e8b465ee728b)
Start importing Assets/Sprites using Guid(d95fcd6ec9f53404aaae0a76666d9cb3) Importer(815301076,1909f56bfc062723c751e8b465ee728b)  -> (artifact id: 'fd5f5c0c6840f5f6e679ee28bb22f276') in 0.004198 seconds 
========================================================================
Received Import Request.
  Time since last request: 9.678271 seconds.
  path: Assets/Configs
  artifactKey: Guid(6aa8851b13bcdd94f91e5536f02d51db) Importer(815301076,1909f56bfc062723c751e8b465ee728b)
Start importing Assets/Configs using Guid(6aa8851b13bcdd94f91e5536f02d51db) Importer(815301076,1909f56bfc062723c751e8b465ee728b)  -> (artifact id: '612a2bf3e6d5ff8bab768b220740e08a') in 0.004126 seconds 
========================================================================
Received Import Request.
  Time since last request: 32.645305 seconds.
  path: Assets/Configs/Resources
  artifactKey: Guid(bcd7659afa6aeac449cbe14b5c29b65d) Importer(815301076,1909f56bfc062723c751e8b465ee728b)
Start importing Assets/Configs/Resources using Guid(bcd7659afa6aeac449cbe14b5c29b65d) Importer(815301076,1909f56bfc062723c751e8b465ee728b)  -> (artifact id: 'b457e48b2d82bdfeb2a023603f97baa0') in 0.003973 seconds 
========================================================================
Received Import Request.
  Time since last request: 76.893193 seconds.
  path: Assets/Prefabs
  artifactKey: Guid(4b9f5213867bd6e49a20e87d921ea2dd) Importer(815301076,1909f56bfc062723c751e8b465ee728b)
Start importing Assets/Prefabs using Guid(4b9f5213867bd6e49a20e87d921ea2dd) Importer(815301076,1909f56bfc062723c751e8b465ee728b)  -> (artifact id: '3f2a63af9893180d9f42c37a56a1e27c') in 0.001458 seconds 
========================================================================
Received Import Request.
  Time since last request: 43.648594 seconds.
  path: Assets/Prefabs/Resources
  artifactKey: Guid(a995828f835a7ef47bef55fa30754ff3) Importer(815301076,1909f56bfc062723c751e8b465ee728b)
Start importing Assets/Prefabs/Resources using Guid(a995828f835a7ef47bef55fa30754ff3) Importer(815301076,1909f56bfc062723c751e8b465ee728b)  -> (artifact id: 'f697c3d7c46f8a8b8c8e2f44a957c430') in 0.004003 seconds 
========================================================================
Received Import Request.
  Time since last request: 105.916543 seconds.
  path: Assets/Sprites/readme.TXT
  artifactKey: Guid(011a00500ff068c4f9d24b2ea060a868) Importer(815301076,1909f56bfc062723c751e8b465ee728b)
Start importing Assets/Sprites/readme.TXT using Guid(011a00500ff068c4f9d24b2ea060a868) Importer(815301076,1909f56bfc062723c751e8b465ee728b)  -> (artifact id: '2cc3b06770ad8094dab749ebb60e9e3e') in 0.043169 seconds 
========================================================================
Received Import Request.
  Time since last request: 24.438284 seconds.
  path: Assets/Sprites/oak_woods_tileset.png
  artifactKey: Guid(552820be7cd83664aa64c7adac6ab0b5) Importer(815301076,1909f56bfc062723c751e8b465ee728b)
Start importing Assets/Sprites/oak_woods_tileset.png using Guid(552820be7cd83664aa64c7adac6ab0b5) Importer(815301076,1909f56bfc062723c751e8b465ee728b)  -> (artifact id: '881aeee23b3db737b8567d17ce9e28cc') in 0.145040 seconds 
========================================================================
Received Import Request.
  Time since last request: 398.844424 seconds.
  path: Assets/Sprites/character
  artifactKey: Guid(2a4f031ee61e1f943ae06404290b6524) Importer(815301076,1909f56bfc062723c751e8b465ee728b)
Start importing Assets/Sprites/character using Guid(2a4f031ee61e1f943ae06404290b6524) Importer(815301076,1909f56bfc062723c751e8b465ee728b)  -> (artifact id: '085b1f6d3e9130c4ec30777d4460224b') in 0.001443 seconds 
========================================================================
Received Import Request.
  Time since last request: 15.443914 seconds.
  path: Assets/Sprites/character/B_witch.gif
  artifactKey: Guid(a7058e4b4d140d54587d6a7c8526993d) Importer(815301076,1909f56bfc062723c751e8b465ee728b)
Start importing Assets/Sprites/character/B_witch.gif using Guid(a7058e4b4d140d54587d6a7c8526993d) Importer(815301076,1909f56bfc062723c751e8b465ee728b)  -> (artifact id: '98bffe71e0f9471d0e90dd2e261f91a9') in 0.048035 seconds 
========================================================================
Received Import Request.
  Time since last request: 0.000027 seconds.
  path: Assets/Sprites/character/B_witch_death.png
  artifactKey: Guid(9b6892f076f6c3a4c97b2fd31d03e41f) Importer(815301076,1909f56bfc062723c751e8b465ee728b)
Start importing Assets/Sprites/character/B_witch_death.png using Guid(9b6892f076f6c3a4c97b2fd31d03e41f) Importer(815301076,1909f56bfc062723c751e8b465ee728b)  -> (artifact id: '97ec81655a00a8ffdb0e8dfab2b0695f') in 0.019407 seconds 
========================================================================
Received Import Request.
  Time since last request: 0.000026 seconds.
  path: Assets/Sprites/character/B_witch_run.png
  artifactKey: Guid(c63ccc9dd7568744da5e0b848b7b5ed3) Importer(815301076,1909f56bfc062723c751e8b465ee728b)
Start importing Assets/Sprites/character/B_witch_run.png using Guid(c63ccc9dd7568744da5e0b848b7b5ed3) Importer(815301076,1909f56bfc062723c751e8b465ee728b)  -> (artifact id: '66db7808f6a84e7ea3d3fac392e5496d') in 0.015394 seconds 
========================================================================
Received Import Request.
  Time since last request: 0.000025 seconds.
  path: Assets/Sprites/character/B_witch_idle.png
  artifactKey: Guid(ca04d1bb831549742915ddc6c98001af) Importer(815301076,1909f56bfc062723c751e8b465ee728b)
Start importing Assets/Sprites/character/B_witch_idle.png using Guid(ca04d1bb831549742915ddc6c98001af) Importer(815301076,1909f56bfc062723c751e8b465ee728b)  -> (artifact id: 'a729a38c12a9922acef2431012a79e50') in 0.017403 seconds 
========================================================================
Received Import Request.
  Time since last request: 0.000036 seconds.
  path: Assets/Sprites/character/B_witch_charge.png
  artifactKey: Guid(abeb16126799e2c45afb822f8f12401c) Importer(815301076,1909f56bfc062723c751e8b465ee728b)
Start importing Assets/Sprites/character/B_witch_charge.png using Guid(abeb16126799e2c45afb822f8f12401c) Importer(815301076,1909f56bfc062723c751e8b465ee728b)  -> (artifact id: '86c0a1a46e007deb02203cf19c43ef02') in 0.020611 seconds 
========================================================================
Received Import Request.
  Time since last request: 0.000025 seconds.
  path: Assets/Sprites/character/B_witch_take_damage.png
  artifactKey: Guid(27eb15b6e8eacff499322f6c1ba38f63) Importer(815301076,1909f56bfc062723c751e8b465ee728b)
Start importing Assets/Sprites/character/B_witch_take_damage.png using Guid(27eb15b6e8eacff499322f6c1ba38f63) Importer(815301076,1909f56bfc062723c751e8b465ee728b)  -> (artifact id: '056d4ef7fb53de8292f89c89f480153e') in 0.017535 seconds 
Editor requested this worker to shutdown with reason: Scaling down because of idle timeout
AssetImportWorker is now disconnected from the server
Process exiting
Exiting without the bug reporter. Application will terminate with return code 0